<?xml version="1.0" encoding="UTF-8"?>
<!-- Generated by org.testng.reporters.JUnitReportReporter -->
<testsuite hostname="LAPTOP-AP4BIIEK" failures="0" tests="1" name="com.restasssured.app.AppTest" time="0.009" errors="0" timestamp="2023-02-17T13:26:38 IST" skipped="0">
  <testcase classname="com.restasssured.app.AppTest" name="shouldAnswerWithTrue" time="0.009"/>
  <system-out/>
</testsuite> <!-- com.restasssured.app.AppTest -->
